Script started on 2020-03-06 11:54:38-07:00
]0;sahil.brar@csa1:~/CPSC355T/Week3sahil.brar@csa1:~/CPSC355T/Week3$ gdb assign3
GNU gdb (GDB) Fedora 8.1.1-4.fc28
Copyright (C) 2018 Free Software Foundation, Inc.
License GPLv3+: GNU GPL version 3 or later <http://gnu.org/licenses/gpl.html>
This is free software: you are free to change and redistribute it.
There is NO WARRANTY, to the extent permitted by law.  Type "show copying"
and "show warranty" for details.
This GDB was configured as "aarch64-redhat-linux-gnu".
Type "show configuration" for configuration details.
For bug reporting instructions, please see:
<http://www.gnu.org/software/gdb/bugs/>.
Find the GDB manual and other documentation resources online at:
<http://www.gnu.org/software/gdb/documentation/>.
For help, type "help".
Type "apropos word" to search for commands related to "word"...
Reading symbols from assign3...(no debugging symbols found)...done.
(gdb) b main
Breakpoint 1 at 0x400624
(gdb) b print val[K[K[K[K_b[Kval
Breakpoint 2 at 0x400664
(gdb) b print_sort
Breakpoint 3 at 0x40071c
(gdb) display/i $pc
1: x/i $pc
<error: No registers.>
(gdb) r
Starting program: /home/uga/sahil.brar/CPSC355T/Week3/assign3 
warning: the debug information found in "/usr/lib/debug//usr/lib64/ld-2.27.so.debug" does not match "/lib/ld-linux-aarch64.so.1" (CRC mismatch).

Missing separate debuginfos, use: dnf debuginfo-install glibc-2.27-38.fc28.aarch64
warning: the debug information found in "/usr/lib/debug//lib64/libc-2.27.so.debug" does not match "/lib64/libc.so.6" (CRC mismatch).

warning: the debug information found in "/usr/lib/debug//usr/lib64/libc-2.27.so.debug" does not match "/lib64/libc.so.6" (CRC mismatch).


Breakpoint 1, 0x0000000000400624 in main ()
1: x/i $pc
=> 0x400624 <main+16>:	str	w19, [x29, #20]
(gdb) c
Continuing.
Unsorted Array: 

Breakpoint 2, 0x0000000000400664 in print_val ()
1: x/i $pc
=> 0x400664 <print_val>:	ldr	w19, [x29, #20]
(gdb) x/$pc[K[Kw19[K[K24[K3
0x143:	Cannot access memory at address 0x143
(gdb) x/$w23[K[K[Kx28
0xffffffffefe4:	359
(gdb) x/100ud $x28
0xffffffffefe4:	359	454	105	115
0xffffffffeff4:	81	255	74	236
0xfffffffff004:	297	205	186	427
0xfffffffff014:	498	251	483	326
0xfffffffff024:	124	194	84	504
0xfffffffff034:	283	488	487	397
0xfffffffff044:	374	346	302	99
0xfffffffff054:	51	415	201	410
0xfffffffff064:	358	306	13	439
0xfffffffff074:	49	88	163	346
0xfffffffff084:	293	349	261	279
0xfffffffff094:	88	233	94	212
0xfffffffff0a4:	427	178	205	198
0xfffffffff0b4:	155	180	84	17
0xfffffffff0c4:	14	386	116	65
0xfffffffff0d4:	289	317	476	135
0xfffffffff0e4:	112	489	62	161
0xfffffffff0f4:	65	225	508	359
0xfffffffff104:	62	257	126	151
0xfffffffff114:	490	220	363	406
0xfffffffff124:	399	56	92	42
0xfffffffff134:	236	176	59	251
0xfffffffff144:	50	175	316	340
0xfffffffff154:	492	280	475	92
0xfffffffff164:	258	26	254	323
(gdb) x/100ud $x28[K[K[Ksp
0xffffffffefc0:	-3728	65535	-1084900956	65535
0xffffffffefd0:	-1083202208	0	1	0
0xffffffffefe0:	-1083178640	359	454	105
0xffffffffeff0:	115	81	255	74
0xfffffffff000:	236	297	205	186
0xfffffffff010:	427	498	251	483
0xfffffffff020:	326	124	194	84
0xfffffffff030:	504	283	488	487
0xfffffffff040:	397	374	346	302
0xfffffffff050:	99	51	415	201
0xfffffffff060:	410	358	306	13
0xfffffffff070:	439	49	88	163
0xfffffffff080:	346	293	349	261
0xfffffffff090:	279	88	233	94
0xfffffffff0a0:	212	427	178	205
0xfffffffff0b0:	198	155	180	84
0xfffffffff0c0:	17	14	386	116
0xfffffffff0d0:	65	289	317	476
0xfffffffff0e0:	135	112	489	62
0xfffffffff0f0:	161	65	225	508
0xfffffffff100:	359	62	257	126
0xfffffffff110:	151	490	220	363
0xfffffffff120:	406	399	56	92
0xfffffffff130:	42	236	176	59
0xfffffffff140:	251	50	175	316
(gdb) c
Continuing.
v[0] = 359

Breakpoint 2, 0x0000000000400664 in print_val ()
1: x/i $pc
=> 0x400664 <print_val>:	ldr	w19, [x29, #20]
(gdb) c[Kx/100ud $spx28
0xffffffffefe4:	359	454	105	115
0xffffffffeff4:	81	255	74	236
0xfffffffff004:	297	205	186	427
0xfffffffff014:	498	251	483	326
0xfffffffff024:	124	194	84	504
0xfffffffff034:	283	488	487	397
0xfffffffff044:	374	346	302	99
0xfffffffff054:	51	415	201	410
0xfffffffff064:	358	306	13	439
0xfffffffff074:	49	88	163	346
0xfffffffff084:	293	349	261	279
0xfffffffff094:	88	233	94	212
0xfffffffff0a4:	427	178	205	198
0xfffffffff0b4:	155	180	84	17
0xfffffffff0c4:	14	386	116	65
0xfffffffff0d4:	289	317	476	135
0xfffffffff0e4:	112	489	62	161
0xfffffffff0f4:	65	225	508	359
0xfffffffff104:	62	257	126	151
0xfffffffff114:	490	220	363	406
0xfffffffff124:	399	56	92	42
0xfffffffff134:	236	176	59	251
0xfffffffff144:	50	175	316	340
0xfffffffff154:	492	280	475	92
0xfffffffff164:	258	26	254	323
(gdb) x/100ud $x28[C[C[C[C[C[C[Kx/100ud $x28[C[C[C[C[C[C[Kx/100ud $x28[C[C[C[C[C[C[Kx/100ud $sp
0xffffffffefc0:	-3728	65535	-1084900956	65535
0xffffffffefd0:	-1083202208	1	1	0
0xffffffffefe0:	-1083178640	359	454	105
0xffffffffeff0:	115	81	255	74
0xfffffffff000:	236	297	205	186
0xfffffffff010:	427	498	251	483
0xfffffffff020:	326	124	194	84
0xfffffffff030:	504	283	488	487
0xfffffffff040:	397	374	346	302
0xfffffffff050:	99	51	415	201
0xfffffffff060:	410	358	306	13
0xfffffffff070:	439	49	88	163
0xfffffffff080:	346	293	349	261
0xfffffffff090:	279	88	233	94
0xfffffffff0a0:	212	427	178	205
0xfffffffff0b0:	198	155	180	84
0xfffffffff0c0:	17	14	386	116
0xfffffffff0d0:	65	289	317	476
0xfffffffff0e0:	135	112	489	62
0xfffffffff0f0:	161	65	225	508
0xfffffffff100:	359	62	257	126
0xfffffffff110:	151	490	220	363
0xfffffffff120:	406	399	56	92
0xfffffffff130:	42	236	176	59
0xfffffffff140:	251	50	175	316
(gdb) c
Continuing.
v[1] = 454

Breakpoint 2, 0x0000000000400664 in print_val ()
1: x/i $pc
=> 0x400664 <print_val>:	ldr	w19, [x29, #20]
(gdb) ni
0x0000000000400668 in print_val ()
1: x/i $pc
=> 0x400668 <print_val+4>:	ldr	w23, [x28, w19, sxtw #2]
(gdb) ni
0x000000000040066c in print_val ()
1: x/i $pc
=> 0x40066c <print_val+8>:	adrp	x0, 0x400000
(gdb) ni
0x0000000000400670 in print_val ()
1: x/i $pc
=> 0x400670 <print_val+12>:	add	x0, x0, #0x607
(gdb) ni
0x0000000000400674 in print_val ()
1: x/i $pc
=> 0x400674 <print_val+16>:	mov	w1, w19
(gdb) ni
0x0000000000400678 in print_val ()
1: x/i $pc
=> 0x400678 <print_val+20>:	mov	w2, w23
(gdb) ni
0x000000000040067c in print_val ()
1: x/i $pc
=> 0x40067c <print_val+24>:	bl	0x4004d0 <printf@plt>
(gdb) c
Continuing.
v[2] = 105

Breakpoint 2, 0x0000000000400664 in print_val ()
1: x/i $pc
=> 0x400664 <print_val>:	ldr	w19, [x29, #20]
(gdb) c
Continuing.
v[3] = 115

Breakpoint 2, 0x0000000000400664 in print_val ()
1: x/i $pc
=> 0x400664 <print_val>:	ldr	w19, [x29, #20]
(gdb) c
Continuing.
v[4] = 81

Breakpoint 2, 0x0000000000400664 in print_val ()
1: x/i $pc
=> 0x400664 <print_val>:	ldr	w19, [x29, #20]
(gdb) c
Continuing.
v[5] = 255

Breakpoint 2, 0x0000000000400664 in print_val ()
1: x/i $pc
=> 0x400664 <print_val>:	ldr	w19, [x29, #20]
(gdb) c
Continuing.
v[6] = 74

Breakpoint 2, 0x0000000000400664 in print_val ()
1: x/i $pc
=> 0x400664 <print_val>:	ldr	w19, [x29, #20]
(gdb) c
Continuing.
v[7] = 236

Breakpoint 2, 0x0000000000400664 in print_val ()
1: x/i $pc
=> 0x400664 <print_val>:	ldr	w19, [x29, #20]
(gdb) c
Continuing.
v[8] = 297

Breakpoint 2, 0x0000000000400664 in print_val ()
1: x/i $pc
=> 0x400664 <print_val>:	ldr	w19, [x29, #20]
(gdb) c
Continuing.
v[9] = 205

Breakpoint 2, 0x0000000000400664 in print_val ()
1: x/i $pc
=> 0x400664 <print_val>:	ldr	w19, [x29, #20]
(gdb) c
Continuing.
v[10] = 186

Breakpoint 2, 0x0000000000400664 in print_val ()
1: x/i $pc
=> 0x400664 <print_val>:	ldr	w19, [x29, #20]
(gdb) c
Continuing.
v[11] = 427

Breakpoint 2, 0x0000000000400664 in print_val ()
1: x/i $pc
=> 0x400664 <print_val>:	ldr	w19, [x29, #20]
(gdb) quit
A debugging session is active.

	Inferior 1 [process 9734] will be killed.

Quit anyway? (y or n) y
]0;sahil.brar@csa1:~/CPSC355T/Week3sahil.brar@csa1:~/CPSC355T/Week3$ gdb assign3
GNU gdb (GDB) Fedora 8.1.1-4.fc28
Copyright (C) 2018 Free Software Foundation, Inc.
License GPLv3+: GNU GPL version 3 or later <http://gnu.org/licenses/gpl.html>
This is free software: you are free to change and redistribute it.
There is NO WARRANTY, to the extent permitted by law.  Type "show copying"
and "show warranty" for details.
This GDB was configured as "aarch64-redhat-linux-gnu".
Type "show configuration" for configuration details.
For bug reporting instructions, please see:
<http://www.gnu.org/software/gdb/bugs/>.
Find the GDB manual and other documentation resources online at:
<http://www.gnu.org/software/gdb/documentation/>.
For help, type "help".
Type "apropos word" to search for commands related to "word"...
Reading symbols from assign3...(no debugging symbols found)...done.
(gdb) b outer_loop
Breakpoint 1 at 0x4006a0
(gdb) b[Kr
Starting program: /home/uga/sahil.brar/CPSC355T/Week3/assign3 
warning: the debug information found in "/usr/lib/debug//usr/lib64/ld-2.27.so.debug" does not match "/lib/ld-linux-aarch64.so.1" (CRC mismatch).

Missing separate debuginfos, use: dnf debuginfo-install glibc-2.27-38.fc28.aarch64
warning: the debug information found in "/usr/lib/debug//lib64/libc-2.27.so.debug" does not match "/lib64/libc.so.6" (CRC mismatch).

warning: the debug information found in "/usr/lib/debug//usr/lib64/libc-2.27.so.debug" does not match "/lib64/libc.so.6" (CRC mismatch).

Unsorted Array: 
v[0] = 359
v[1] = 454
v[2] = 105
v[3] = 115
v[4] = 81
v[5] = 255
v[6] = 74
v[7] = 236
v[8] = 297
v[9] = 205
v[10] = 186
v[11] = 427
v[12] = 498
v[13] = 251
v[14] = 483
v[15] = 326
v[16] = 124
v[17] = 194
v[18] = 84
v[19] = 504
v[20] = 283
v[21] = 488
v[22] = 487
v[23] = 397
v[24] = 374
v[25] = 346
v[26] = 302
v[27] = 99
v[28] = 51
v[29] = 415
v[30] = 201
v[31] = 410
v[32] = 358
v[33] = 306
v[34] = 13
v[35] = 439
v[36] = 49
v[37] = 88
v[38] = 163
v[39] = 346
v[40] = 293
v[41] = 349
v[42] = 261
v[43] = 279
v[44] = 88
v[45] = 233
v[46] = 94
v[47] = 212
v[48] = 427
v[49] = 178
v[50] = 205
v[51] = 198
v[52] = 155
v[53] = 180
v[54] = 84
v[55] = 17
v[56] = 14
v[57] = 386
v[58] = 116
v[59] = 65
v[60] = 289
v[61] = 317
v[62] = 476
v[63] = 135
v[64] = 112
v[65] = 489
v[66] = 62
v[67] = 161
v[68] = 65
v[69] = 225
v[70] = 508
v[71] = 359
v[72] = 62
v[73] = 257
v[74] = 126
v[75] = 151
v[76] = 490
v[77] = 220
v[78] = 363
v[79] = 406
v[80] = 399
v[81] = 56
v[82] = 92
v[83] = 42
v[84] = 236
v[85] = 176
v[86] = 59
v[87] = 251
v[88] = 50
v[89] = 175
v[90] = 316
v[91] = 340
v[92] = 492
v[93] = 280
v[94] = 475
v[95] = 92
v[96] = 258
v[97] = 26
v[98] = 254
v[99] = 323

Breakpoint 1, 0x00000000004006a0 in outer_loop ()
(gdb) ben[K[K end
Breakpoint 2 at 0x40074c
(gdb) r
The program being debugged has been started already.
Start it from the beginning? (y or n) y
Starting program: /home/uga/sahil.brar/CPSC355T/Week3/assign3 
warning: the debug information found in "/usr/lib/debug//usr/lib64/ld-2.27.so.debug" does not match "/lib/ld-linux-aarch64.so.1" (CRC mismatch).

warning: the debug information found in "/usr/lib/debug//lib64/libc-2.27.so.debug" does not match "/lib64/libc.so.6" (CRC mismatch).

warning: the debug information found in "/usr/lib/debug//usr/lib64/libc-2.27.so.debug" does not match "/lib64/libc.so.6" (CRC mismatch).

Unsorted Array: 
v[0] = 359
v[1] = 454
v[2] = 105
v[3] = 115
v[4] = 81
v[5] = 255
v[6] = 74
v[7] = 236
v[8] = 297
v[9] = 205
v[10] = 186
v[11] = 427
v[12] = 498
v[13] = 251
v[14] = 483
v[15] = 326
v[16] = 124
v[17] = 194
v[18] = 84
v[19] = 504
v[20] = 283
v[21] = 488
v[22] = 487
v[23] = 397
v[24] = 374
v[25] = 346
v[26] = 302
v[27] = 99
v[28] = 51
v[29] = 415
v[30] = 201
v[31] = 410
v[32] = 358
v[33] = 306
v[34] = 13
v[35] = 439
v[36] = 49
v[37] = 88
v[38] = 163
v[39] = 346
v[40] = 293
v[41] = 349
v[42] = 261
v[43] = 279
v[44] = 88
v[45] = 233
v[46] = 94
v[47] = 212
v[48] = 427
v[49] = 178
v[50] = 205
v[51] = 198
v[52] = 155
v[53] = 180
v[54] = 84
v[55] = 17
v[56] = 14
v[57] = 386
v[58] = 116
v[59] = 65
v[60] = 289
v[61] = 317
v[62] = 476
v[63] = 135
v[64] = 112
v[65] = 489
v[66] = 62
v[67] = 161
v[68] = 65
v[69] = 225
v[70] = 508
v[71] = 359
v[72] = 62
v[73] = 257
v[74] = 126
v[75] = 151
v[76] = 490
v[77] = 220
v[78] = 363
v[79] = 406
v[80] = 399
v[81] = 56
v[82] = 92
v[83] = 42
v[84] = 236
v[85] = 176
v[86] = 59
v[87] = 251
v[88] = 50
v[89] = 175
v[90] = 316
v[91] = 340
v[92] = 492
v[93] = 280
v[94] = 475
v[95] = 92
v[96] = 258
v[97] = 26
v[98] = 254
v[99] = 323

Breakpoint 1, 0x00000000004006a0 in outer_loop ()
(gdb) b end
Note: breakpoint 2 also set at pc 0x40074c.
Breakpoint 3 at 0x40074c
(gdb) r
The program being debugged has been started already.
Start it from the beginning? (y or n) y[Kn
Program not restarted.
(gdb) r
The program being debugged has been started already.
Start it from the beginning? (y or n) n
Program not restarted.
(gdb) exit
Undefined command: "exit".  Try "help".
(gdb) q
A debugging session is active.

	Inferior 1 [process 10627] will be killed.

Quit anyway? (y or n) y
]0;sahil.brar@csa1:~/CPSC355T/Week3sahil.brar@csa1:~/CPSC355T/Week3$ gdb assign3
GNU gdb (GDB) Fedora 8.1.1-4.fc28
Copyright (C) 2018 Free Software Foundation, Inc.
License GPLv3+: GNU GPL version 3 or later <http://gnu.org/licenses/gpl.html>
This is free software: you are free to change and redistribute it.
There is NO WARRANTY, to the extent permitted by law.  Type "show copying"
and "show warranty" for details.
This GDB was configured as "aarch64-redhat-linux-gnu".
Type "show configuration" for configuration details.
For bug reporting instructions, please see:
<http://www.gnu.org/software/gdb/bugs/>.
Find the GDB manual and other documentation resources online at:
<http://www.gnu.org/software/gdb/documentation/>.
For help, type "help".
Type "apropos word" to search for commands related to "word"...
Reading symbols from assign3...(no debugging symbols found)...done.
(gdb) b end
Breakpoint 1 at 0x40074c
(gdb) r
Starting program: /home/uga/sahil.brar/CPSC355T/Week3/assign3 
warning: the debug information found in "/usr/lib/debug//usr/lib64/ld-2.27.so.debug" does not match "/lib/ld-linux-aarch64.so.1" (CRC mismatch).

Missing separate debuginfos, use: dnf debuginfo-install glibc-2.27-38.fc28.aarch64
warning: the debug information found in "/usr/lib/debug//lib64/libc-2.27.so.debug" does not match "/lib64/libc.so.6" (CRC mismatch).

warning: the debug information found in "/usr/lib/debug//usr/lib64/libc-2.27.so.debug" does not match "/lib64/libc.so.6" (CRC mismatch).

Unsorted Array: 
v[0] = 359
v[1] = 454
v[2] = 105
v[3] = 115
v[4] = 81
v[5] = 255
v[6] = 74
v[7] = 236
v[8] = 297
v[9] = 205
v[10] = 186
v[11] = 427
v[12] = 498
v[13] = 251
v[14] = 483
v[15] = 326
v[16] = 124
v[17] = 194
v[18] = 84
v[19] = 504
v[20] = 283
v[21] = 488
v[22] = 487
v[23] = 397
v[24] = 374
v[25] = 346
v[26] = 302
v[27] = 99
v[28] = 51
v[29] = 415
v[30] = 201
v[31] = 410
v[32] = 358
v[33] = 306
v[34] = 13
v[35] = 439
v[36] = 49
v[37] = 88
v[38] = 163
v[39] = 346
v[40] = 293
v[41] = 349
v[42] = 261
v[43] = 279
v[44] = 88
v[45] = 233
v[46] = 94
v[47] = 212
v[48] = 427
v[49] = 178
v[50] = 205
v[51] = 198
v[52] = 155
v[53] = 180
v[54] = 84
v[55] = 17
v[56] = 14
v[57] = 386
v[58] = 116
v[59] = 65
v[60] = 289
v[61] = 317
v[62] = 476
v[63] = 135
v[64] = 112
v[65] = 489
v[66] = 62
v[67] = 161
v[68] = 65
v[69] = 225
v[70] = 508
v[71] = 359
v[72] = 62
v[73] = 257
v[74] = 126
v[75] = 151
v[76] = 490
v[77] = 220
v[78] = 363
v[79] = 406
v[80] = 399
v[81] = 56
v[82] = 92
v[83] = 42
v[84] = 236
v[85] = 176
v[86] = 59
v[87] = 251
v[88] = 50
v[89] = 175
v[90] = 316
v[91] = 340
v[92] = 492
v[93] = 280
v[94] = 475
v[95] = 92
v[96] = 258
v[97] = 26
v[98] = 254
v[99] = 323

Sorted Array: 
v[0] = 508
v[1] = 504
v[2] = 498
v[3] = 492
v[4] = 490
v[5] = 489
v[6] = 488
v[7] = 487
v[8] = 483
v[9] = 476
v[10] = 475
v[11] = 454
v[12] = 439
v[13] = 427
v[14] = 427
v[15] = 415
v[16] = 410
v[17] = 406
v[18] = 399
v[19] = 397
v[20] = 386
v[21] = 374
v[22] = 363
v[23] = 359
v[24] = 359
v[25] = 358
v[26] = 349
v[27] = 346
v[28] = 346
v[29] = 340
v[30] = 326
v[31] = 323
v[32] = 317
v[33] = 316
v[34] = 306
v[35] = 302
v[36] = 297
v[37] = 293
v[38] = 289
v[39] = 283
v[40] = 280
v[41] = 279
v[42] = 261
v[43] = 258
v[44] = 257
v[45] = 255
v[46] = 254
v[47] = 251
v[48] = 251
v[49] = 236
v[50] = 236
v[51] = 233
v[52] = 225
v[53] = 220
v[54] = 212
v[55] = 205
v[56] = 205
v[57] = 201
v[58] = 198
v[59] = 194
v[60] = 186
v[61] = 180
v[62] = 178
v[63] = 176
v[64] = 175
v[65] = 163
v[66] = 161
v[67] = 155
v[68] = 151
v[69] = 135
v[70] = 126
v[71] = 124
v[72] = 116
v[73] = 115
v[74] = 112
v[75] = 105
v[76] = 99
v[77] = 94
v[78] = 92
v[79] = 92
v[80] = 88
v[81] = 88
v[82] = 84
v[83] = 84
v[84] = 81
v[85] = 74
v[86] = 65
v[87] = 65
v[88] = 62
v[89] = 62
v[90] = 59
v[91] = 56
v[92] = 51
v[93] = 50
v[94] = 49
v[95] = 42
v[96] = 26
v[97] = 17
v[98] = 14
v[99] = 13

Breakpoint 1, 0x000000000040074c in end ()
(gdb) q
A debugging session is active.

	Inferior 1 [process 10631] will be killed.

Quit anyway? (y or n) y
]0;sahil.brar@csa1:~/CPSC355T/Week3sahil.brar@csa1:~/CPSC355T/Week3$ ni[K[Kexit
exit

Script done on 2020-03-06 12:00:58-07:00
