Script started on 2020-02-03 20:12:45-07:00
]0;sahil.brar@csa2:~/CPSC355Tsahil.brar@csa2:~/CPSC355T$ gdb assign1b
GNU gdb (GDB) Fedora 8.1.1-4.fc28
Copyright (C) 2018 Free Software Foundation, Inc.
License GPLv3+: GNU GPL version 3 or later <http://gnu.org/licenses/gpl.html>
This is free software: you are free to change and redistribute it.
There is NO WARRANTY, to the extent permitted by law.  Type "show copying"
and "show warranty" for details.
This GDB was configured as "aarch64-redhat-linux-gnu".
Type "show configuration" for configuration details.
For bug reporting instructions, please see:
<http://www.gnu.org/software/gdb/bugs/>.
Find the GDB manual and other documentation resources online at:
<http://www.gnu.org/software/gdb/documentation/>.
For help, type "help".
Type "apropos word" to search for commands related to "word"...
Reading symbols from assign1b...(no debugging symbols found)...done.
(gdb) b mew[K[K[Knewy[KYmin
Breakpoint 1 at 0x400650
(gdb) display/[K[K[K[K[K[K[K[Kr
Starting program: /home/uga/sahil.brar/CPSC355T/assign1b 
warning: the debug information found in "/usr/lib/debug//usr/lib64/ld-2.27.so.debug" does not match "/lib/ld-linux-aarch64.so.1" (CRC mismatch).

Missing separate debuginfos, use: dnf debuginfo-install glibc-2.27-38.fc28.aarch64
warning: the debug information found in "/usr/lib/debug//lib64/libc-2.27.so.debug" does not match "/lib64/libc.so.6" (CRC mismatch).

warning: the debug information found in "/usr/lib/debug//usr/lib64/libc-2.27.so.debug" does not match "/lib64/libc.so.6" (CRC mismatch).


Breakpoint 1, 0x0000000000400650 in newYmin ()
(gdb) display/i $pc
1: x/i $pc
=> 0x400650 <newYmin+4>:	b	0x400628 <loop>
(gdb) p $x21
$1 = 5926
(gdb) ni
0x0000000000400628 in loop ()
1: x/i $pc
=> 0x400628 <loop>:	adrp	x0, 0x400000
(gdb) ni
0x000000000040062c in loop ()
1: x/i $pc
=> 0x40062c <loop+4>:	add	x0, x0, #0x594
(gdb) ni
0x0000000000400630 in loop ()
1: x/i $pc
=> 0x400630 <loop+8>:	mov	x1, x19
(gdb) ni
0x0000000000400634 in loop ()
1: x/i $pc
=> 0x400634 <loop+12>:	mov	x2, x20
(gdb) ni
0x0000000000400638 in loop ()
1: x/i $pc
=> 0x400638 <loop+16>:	mov	x3, x21
(gdb) ni
0x000000000040063c in loop ()
1: x/i $pc
=> 0x40063c <loop+20>:	bl	0x400480 <printf@plt>
(gdb) ni
For x = -10, y = 5926. 
 Current minimum value of y = 5926. 
0x0000000000400640 in loop ()
1: x/i $pc
=> 0x400640 <loop+24>:	add	x19, x19, #0x1
(gdb) 
0x0000000000400644 in loop ()
1: x/i $pc
=> 0x400644 <loop+28>:	add	x22, x22, #0x1
(gdb) ni
0x0000000000400648 in loop ()
1: x/i $pc
=> 0x400648 <loop+32>:	b	0x400654 <check>
(gdb) r[Kni

Breakpoint 1, 0x0000000000400650 in newYmin ()
1: x/i $pc
=> 0x400650 <newYmin+4>:	b	0x400628 <loop>
(gdb) ni
0x0000000000400628 in loop ()
1: x/i $pc
=> 0x400628 <loop>:	adrp	x0, 0x400000
(gdb) p $x21
$2 = 1759
(gdb) q
A debugging session is active.

	Inferior 1 [process 2850] will be killed.

Quit anyway? (y or n) y
]0;sahil.brar@csa2:~/CPSC355Tsahil.brar@csa2:~/CPSC355T$ exit
exit

Script done on 2020-02-03 20:14:39-07:00
